<?xml version="1.0" encoding="UTF-8"?>
<testsuite name="br.com.andretreib.api.InspectionApplicationTests" tests="1" skipped="0" failures="0" errors="0" timestamp="2021-07-28T18:22:06" hostname="CPQTESTE" time="0.002">
  <properties/>
  <testcase name="contextLoads()" classname="br.com.andretreib.api.InspectionApplicationTests" time="0.002"/>
  <system-out><![CDATA[2021-07-28 15:22:06.071  INFO 10377 --- [    Test worker] .b.t.c.SpringBootTestContextBootstrapper : Neither @ContextConfiguration nor @ContextHierarchy found for test class [br.com.andretreib.api.InspectionApplicationTests], using SpringBootContextLoader
2021-07-28 15:22:06.072  INFO 10377 --- [    Test worker] o.s.t.c.support.AbstractContextLoader    : Could not detect default resource locations for test class [br.com.andretreib.api.InspectionApplicationTests]: no resource found for suffixes {-context.xml, Context.groovy}.
2021-07-28 15:22:06.073  INFO 10377 --- [    Test worker] t.c.s.AnnotationConfigContextLoaderUtils : Could not detect default configuration classes for test class [br.com.andretreib.api.InspectionApplicationTests]: InspectionApplicationTests does not declare any static, non-private, non-final, nested classes annotated with @Configuration.
2021-07-28 15:22:06.078  INFO 10377 --- [    Test worker] .b.t.c.SpringBootTestContextBootstrapper : Found @SpringBootConfiguration br.com.andretreib.api.InspectionApplication for test class br.com.andretreib.api.InspectionApplicationTests
2021-07-28 15:22:06.080  INFO 10377 --- [    Test worker] .b.t.c.SpringBootTestContextBootstrapper : Loaded default TestExecutionListener class names from location [META-INF/spring.factories]: [org.springframework.boot.test.autoconfigure.restdocs.RestDocsTestExecutionListener, org.springframework.boot.test.autoconfigure.web.client.MockRestServiceServerResetTestExecutionListener, org.springframework.boot.test.autoconfigure.web.servlet.MockMvcPrintOnlyOnFailureTestExecutionListener, org.springframework.boot.test.autoconfigure.web.servlet.WebDriverTestExecutionListener, org.springframework.boot.test.autoconfigure.webservices.client.MockWebServiceServerTestExecutionListener, org.springframework.boot.test.mock.mockito.MockitoTestExecutionListener, org.springframework.boot.test.mock.mockito.ResetMocksTestExecutionListener, org.springframework.test.context.web.ServletTestExecutionListener, org.springframework.test.context.support.DirtiesContextBeforeModesTestExecutionListener, org.springframework.test.context.event.ApplicationEventsTestExecutionListener, org.springframework.test.context.support.DependencyInjectionTestExecutionListener, org.springframework.test.context.support.DirtiesContextTestExecutionListener, org.springframework.test.context.transaction.TransactionalTestExecutionListener, org.springframework.test.context.jdbc.SqlScriptsTestExecutionListener, org.springframework.test.context.event.EventPublishingTestExecutionListener]
2021-07-28 15:22:06.082  INFO 10377 --- [    Test worker] .b.t.c.SpringBootTestContextBootstrapper : Using TestExecutionListeners: [org.springframework.test.context.support.DirtiesContextBeforeModesTestExecutionListener@7146fe2e, org.springframework.test.context.event.ApplicationEventsTestExecutionListener@52b95136, org.springframework.boot.test.mock.mockito.MockitoTestExecutionListener@247ce7c0, org.springframework.boot.test.autoconfigure.SpringBootDependencyInjectionTestExecutionListener@320fad6f, org.springframework.test.context.support.DirtiesContextTestExecutionListener@74fe928e, org.springframework.test.context.event.EventPublishingTestExecutionListener@6c564dc6, org.springframework.boot.test.autoconfigure.restdocs.RestDocsTestExecutionListener@2fd7f56b, org.springframework.boot.test.autoconfigure.web.client.MockRestServiceServerResetTestExecutionListener@60fc412b, org.springframework.boot.test.autoconfigure.web.servlet.MockMvcPrintOnlyOnFailureTestExecutionListener@6016c558, org.springframework.boot.test.autoconfigure.web.servlet.WebDriverTestExecutionListener@3e709ce1, org.springframework.boot.test.autoconfigure.webservices.client.MockWebServiceServerTestExecutionListener@2e9c5ae9, org.springframework.boot.test.mock.mockito.ResetMocksTestExecutionListener@2cebb308]

  .   ____          _            __ _ _
 /\\ / ___'_ __ _ _(_)_ __  __ _ \ \ \ \
( ( )\___ | '_ | '_| | '_ \/ _` | \ \ \ \
 \\/  ___)| |_)| | | | | || (_| |  ) ) ) )
  '  |____| .__|_| |_|_| |_\__, | / / / /
 =========|_|==============|___/=/_/_/_/
 :: Spring Boot ::                (v2.5.2)

2021-07-28 15:22:06.108  INFO 10377 --- [    Test worker] b.c.a.api.InspectionApplicationTests     : Starting InspectionApplicationTests using Java 16.0.1 on CPQTESTE with PID 10377 (started by atreib in /home/atreib/Documents/projects/kotlin-spring-hexagonal)
2021-07-28 15:22:06.109  INFO 10377 --- [    Test worker] b.c.a.api.InspectionApplicationTests     : No active profile set, falling back to default profiles: default
2021-07-28 15:22:06.504  INFO 10377 --- [    Test worker] b.c.a.api.InspectionApplicationTests     : Started InspectionApplicationTests in 0.419 seconds (JVM running for 3.2)
]]></system-out>
  <system-err><![CDATA[]]></system-err>
</testsuite>
