<?xml version="1.0" encoding="UTF-8"?>
<testsuite name="br.com.taesa.api.inspection.domain.implementations.ExampleServiceTest" tests="4" skipped="0" failures="0" errors="0" timestamp="2021-07-28T18:22:04" hostname="CPQTESTE" time="0.036">
  <properties/>
  <testcase name="should return message created in repository()" classname="br.com.taesa.api.inspection.domain.implementations.ExampleServiceTest" time="0.017"/>
  <testcase name="should call repository's findAll()()" classname="br.com.taesa.api.inspection.domain.implementations.ExampleServiceTest" time="0.004"/>
  <testcase name="should call repository's create() with provided message()" classname="br.com.taesa.api.inspection.domain.implementations.ExampleServiceTest" time="0.001"/>
  <testcase name="should return repository's messages()" classname="br.com.taesa.api.inspection.domain.implementations.ExampleServiceTest" time="0.012"/>
  <system-out><![CDATA[]]></system-out>
  <system-err><![CDATA[]]></system-err>
</testsuite>
