<?xml version="1.0" encoding="UTF-8"?>
<testsuite name="br.com.andretreib.example.InspectionApplicationTests" tests="1" skipped="0" failures="0" errors="0" timestamp="2021-07-17T01:52:39" hostname="CPQTESTE" time="0.29">
  <properties/>
  <testcase name="contextLoads()" classname="br.com.andretreib.example.InspectionApplicationTests" time="0.29"/>
  <system-out><![CDATA[22:52:36.557 [Test worker] DEBUG org.springframework.test.context.BootstrapUtils - Instantiating CacheAwareContextLoaderDelegate from class [org.springframework.test.context.cache.DefaultCacheAwareContextLoaderDelegate]
22:52:36.572 [Test worker] DEBUG org.springframework.test.context.BootstrapUtils - Instantiating BootstrapContext using constructor [public org.springframework.test.context.support.DefaultBootstrapContext(java.lang.Class,org.springframework.test.context.CacheAwareContextLoaderDelegate)]
22:52:36.617 [Test worker] DEBUG org.springframework.test.context.BootstrapUtils - Instantiating TestContextBootstrapper for test class [br.com.andretreib.example.InspectionApplicationTests] from class [org.springframework.boot.test.context.SpringBootTestContextBootstrapper]
22:52:36.633 [Test worker] INFO org.springframework.boot.test.context.SpringBootTestContextBootstrapper - Neither @ContextConfiguration nor @ContextHierarchy found for test class [br.com.andretreib.example.InspectionApplicationTests], using SpringBootContextLoader
22:52:36.638 [Test worker] DEBUG org.springframework.test.context.support.AbstractContextLoader - Did not detect default resource location for test class [br.com.andretreib.example.InspectionApplicationTests]: class path resource [br/com/andretreib/example/InspectionApplicationTests-context.xml] does not exist
22:52:36.639 [Test worker] DEBUG org.springframework.test.context.support.AbstractContextLoader - Did not detect default resource location for test class [br.com.andretreib.example.InspectionApplicationTests]: class path resource [br/com/andretreib/example/InspectionApplicationTestsContext.groovy] does not exist
22:52:36.640 [Test worker] INFO org.springframework.test.context.support.AbstractContextLoader - Could not detect default resource locations for test class [br.com.andretreib.example.InspectionApplicationTests]: no resource found for suffixes {-context.xml, Context.groovy}.
22:52:36.641 [Test worker] INFO org.springframework.test.context.support.AnnotationConfigContextLoaderUtils - Could not detect default configuration classes for test class [br.com.andretreib.example.InspectionApplicationTests]: InspectionApplicationTests does not declare any static, non-private, non-final, nested classes annotated with @Configuration.
22:52:36.706 [Test worker] DEBUG org.springframework.test.context.support.ActiveProfilesUtils - Could not find an 'annotation declaring class' for annotation type [org.springframework.test.context.ActiveProfiles] and class [br.com.andretreib.example.InspectionApplicationTests]
22:52:36.782 [Test worker] DEBUG org.springframework.context.annotation.ClassPathScanningCandidateComponentProvider - Identified candidate component class: file [/home/atreib/Documents/projects/kotlin-spring-hexagonal/build/classes/kotlin/main/br/com/andretreib/example/InspectionApplication.class]
22:52:36.784 [Test worker] INFO org.springframework.boot.test.context.SpringBootTestContextBootstrapper - Found @SpringBootConfiguration br.com.andretreib.example.InspectionApplication for test class br.com.andretreib.example.InspectionApplicationTests
22:52:36.945 [Test worker] DEBUG org.springframework.boot.test.context.SpringBootTestContextBootstrapper - @TestExecutionListeners is not present for class [br.com.andretreib.example.InspectionApplicationTests]: using defaults.
22:52:36.946 [Test worker] INFO org.springframework.boot.test.context.SpringBootTestContextBootstrapper - Loaded default TestExecutionListener class names from location [META-INF/spring.factories]: [org.springframework.boot.test.autoconfigure.restdocs.RestDocsTestExecutionListener, org.springframework.boot.test.autoconfigure.web.client.MockRestServiceServerResetTestExecutionListener, org.springframework.boot.test.autoconfigure.web.servlet.MockMvcPrintOnlyOnFailureTestExecutionListener, org.springframework.boot.test.autoconfigure.web.servlet.WebDriverTestExecutionListener, org.springframework.boot.test.autoconfigure.webservices.client.MockWebServiceServerTestExecutionListener, org.springframework.boot.test.mock.mockito.MockitoTestExecutionListener, org.springframework.boot.test.mock.mockito.ResetMocksTestExecutionListener, org.springframework.test.context.web.ServletTestExecutionListener, org.springframework.test.context.support.DirtiesContextBeforeModesTestExecutionListener, org.springframework.test.context.event.ApplicationEventsTestExecutionListener, org.springframework.test.context.support.DependencyInjectionTestExecutionListener, org.springframework.test.context.support.DirtiesContextTestExecutionListener, org.springframework.test.context.transaction.TransactionalTestExecutionListener, org.springframework.test.context.jdbc.SqlScriptsTestExecutionListener, org.springframework.test.context.event.EventPublishingTestExecutionListener]
22:52:36.967 [Test worker] DEBUG org.springframework.boot.test.context.SpringBootTestContextBootstrapper - Skipping candidate TestExecutionListener [org.springframework.test.context.transaction.TransactionalTestExecutionListener] due to a missing dependency. Specify custom listener classes or make the default listener classes and their required dependencies available. Offending class: [org/springframework/transaction/interceptor/TransactionAttributeSource]
22:52:36.968 [Test worker] DEBUG org.springframework.boot.test.context.SpringBootTestContextBootstrapper - Skipping candidate TestExecutionListener [org.springframework.test.context.jdbc.SqlScriptsTestExecutionListener] due to a missing dependency. Specify custom listener classes or make the default listener classes and their required dependencies available. Offending class: [org/springframework/transaction/interceptor/TransactionAttribute]
22:52:36.973 [Test worker] INFO org.springframework.boot.test.context.SpringBootTestContextBootstrapper - Using TestExecutionListeners: [org.springframework.test.context.web.ServletTestExecutionListener@458b713, org.springframework.test.context.support.DirtiesContextBeforeModesTestExecutionListener@466639bf, org.springframework.test.context.event.ApplicationEventsTestExecutionListener@43ef72aa, org.springframework.boot.test.mock.mockito.MockitoTestExecutionListener@3a2134fb, org.springframework.boot.test.autoconfigure.SpringBootDependencyInjectionTestExecutionListener@7b80fc83, org.springframework.test.context.support.DirtiesContextTestExecutionListener@cdc998d, org.springframework.test.context.event.EventPublishingTestExecutionListener@341ed09e, org.springframework.boot.test.autoconfigure.restdocs.RestDocsTestExecutionListener@7abbc0a, org.springframework.boot.test.autoconfigure.web.client.MockRestServiceServerResetTestExecutionListener@7bb33c98, org.springframework.boot.test.autoconfigure.web.servlet.MockMvcPrintOnlyOnFailureTestExecutionListener@13cbd292, org.springframework.boot.test.autoconfigure.web.servlet.WebDriverTestExecutionListener@51936a55, org.springframework.boot.test.autoconfigure.webservices.client.MockWebServiceServerTestExecutionListener@b82d781, org.springframework.boot.test.mock.mockito.ResetMocksTestExecutionListener@69376d95]
22:52:36.978 [Test worker] DEBUG org.springframework.test.context.support.AbstractDirtiesContextTestExecutionListener - Before test class: context [DefaultTestContext@142048 testClass = InspectionApplicationTests, testInstance = [null], testMethod = [null], testException = [null], mergedContextConfiguration = [WebMergedContextConfiguration@2cf7f testClass = InspectionApplicationTests, locations = '{}', classes = '{class br.com.andretreib.example.InspectionApplication}', contextInitializerClasses = '[]', activeProfiles = '{}', propertySourceLocations = '{}', propertySourceProperties = '{org.springframework.boot.test.context.SpringBootTestContextBootstrapper=true}', contextCustomizers = set[org.springframework.boot.test.autoconfigure.actuate.metrics.MetricsExportContextCustomizerFactory$DisableMetricExportContextCustomizer@4dc9ae38, org.springframework.boot.test.autoconfigure.properties.PropertyMappingContextCustomizer@0, org.springframework.boot.test.autoconfigure.web.servlet.WebDriverContextCustomizerFactory$Customizer@181722cd, org.springframework.boot.test.context.filter.ExcludeFilterContextCustomizer@559c0c5b, org.springframework.boot.test.json.DuplicateJsonObjectContextCustomizerFactory$DuplicateJsonObjectContextCustomizer@73f180eb, org.springframework.boot.test.mock.mockito.MockitoContextCustomizer@0, org.springframework.boot.test.web.client.TestRestTemplateContextCustomizer@536dc84f, org.springframework.boot.test.context.SpringBootTestArgs@1, org.springframework.boot.test.context.SpringBootTestWebEnvironment@41a51ac7], resourceBasePath = 'src/main/webapp', contextLoader = 'org.springframework.boot.test.context.SpringBootContextLoader', parent = [null]], attributes = map['org.springframework.test.context.web.ServletTestExecutionListener.activateListener' -> true]], class annotated with @DirtiesContext [false] with mode [null].
22:52:37.042 [Test worker] DEBUG org.springframework.test.context.support.TestPropertySourceUtils - Adding inlined properties to environment: {spring.jmx.enabled=false, org.springframework.boot.test.context.SpringBootTestContextBootstrapper=true}

  .   ____          _            __ _ _
 /\\ / ___'_ __ _ _(_)_ __  __ _ \ \ \ \
( ( )\___ | '_ | '_| | '_ \/ _` | \ \ \ \
 \\/  ___)| |_)| | | | | || (_| |  ) ) ) )
  '  |____| .__|_| |_|_| |_\__, | / / / /
 =========|_|==============|___/=/_/_/_/
 :: Spring Boot ::                (v2.5.2)

2021-07-16 22:52:37.495  INFO 25114 --- [    Test worker] b.c.a.e.InspectionApplicationTests       : Starting InspectionApplicationTests using Java 16.0.1 on CPQTESTE with PID 25114 (started by atreib in /home/atreib/Documents/projects/kotlin-spring-hexagonal)
2021-07-16 22:52:37.514  INFO 25114 --- [    Test worker] b.c.a.e.InspectionApplicationTests       : No active profile set, falling back to default profiles: default
2021-07-16 22:52:39.384  INFO 25114 --- [    Test worker] b.c.a.e.InspectionApplicationTests       : Started InspectionApplicationTests in 2.323 seconds (JVM running for 4.172)
]]></system-out>
  <system-err><![CDATA[]]></system-err>
</testsuite>
