<?xml version="1.0" encoding="UTF-8"?>
<testsuite name="br.com.taesa.api.inspection.InspectionApplicationTests" tests="1" skipped="0" failures="0" errors="0" timestamp="2021-07-28T18:22:06" hostname="CPQTESTE" time="0.007">
  <properties/>
  <testcase name="contextLoads()" classname="br.com.taesa.api.inspection.InspectionApplicationTests" time="0.007"/>
  <system-out><![CDATA[15:22:04.188 [Test worker] DEBUG org.springframework.test.context.BootstrapUtils - Instantiating CacheAwareContextLoaderDelegate from class [org.springframework.test.context.cache.DefaultCacheAwareContextLoaderDelegate]
15:22:04.195 [Test worker] DEBUG org.springframework.test.context.BootstrapUtils - Instantiating BootstrapContext using constructor [public org.springframework.test.context.support.DefaultBootstrapContext(java.lang.Class,org.springframework.test.context.CacheAwareContextLoaderDelegate)]
15:22:04.218 [Test worker] DEBUG org.springframework.test.context.BootstrapUtils - Instantiating TestContextBootstrapper for test class [br.com.taesa.api.inspection.InspectionApplicationTests] from class [org.springframework.boot.test.context.SpringBootTestContextBootstrapper]
15:22:04.227 [Test worker] INFO org.springframework.boot.test.context.SpringBootTestContextBootstrapper - Neither @ContextConfiguration nor @ContextHierarchy found for test class [br.com.taesa.api.inspection.InspectionApplicationTests], using SpringBootContextLoader
15:22:04.231 [Test worker] DEBUG org.springframework.test.context.support.AbstractContextLoader - Did not detect default resource location for test class [br.com.taesa.api.inspection.InspectionApplicationTests]: class path resource [br/com/taesa/api/inspection/InspectionApplicationTests-context.xml] does not exist
15:22:04.232 [Test worker] DEBUG org.springframework.test.context.support.AbstractContextLoader - Did not detect default resource location for test class [br.com.taesa.api.inspection.InspectionApplicationTests]: class path resource [br/com/taesa/api/inspection/InspectionApplicationTestsContext.groovy] does not exist
15:22:04.232 [Test worker] INFO org.springframework.test.context.support.AbstractContextLoader - Could not detect default resource locations for test class [br.com.taesa.api.inspection.InspectionApplicationTests]: no resource found for suffixes {-context.xml, Context.groovy}.
15:22:04.233 [Test worker] INFO org.springframework.test.context.support.AnnotationConfigContextLoaderUtils - Could not detect default configuration classes for test class [br.com.taesa.api.inspection.InspectionApplicationTests]: InspectionApplicationTests does not declare any static, non-private, non-final, nested classes annotated with @Configuration.
15:22:04.264 [Test worker] DEBUG org.springframework.test.context.support.ActiveProfilesUtils - Could not find an 'annotation declaring class' for annotation type [org.springframework.test.context.ActiveProfiles] and class [br.com.taesa.api.inspection.InspectionApplicationTests]
15:22:04.299 [Test worker] DEBUG org.springframework.context.annotation.ClassPathScanningCandidateComponentProvider - Identified candidate component class: file [/home/atreib/Documents/projects/kotlin-spring-hexagonal/build/classes/java/main/br/com/taesa/api/inspection/InspectionApplication.class]
15:22:04.302 [Test worker] INFO org.springframework.boot.test.context.SpringBootTestContextBootstrapper - Found @SpringBootConfiguration br.com.taesa.api.inspection.InspectionApplication for test class br.com.taesa.api.inspection.InspectionApplicationTests
15:22:04.355 [Test worker] DEBUG org.springframework.boot.test.context.SpringBootTestContextBootstrapper - @TestExecutionListeners is not present for class [br.com.taesa.api.inspection.InspectionApplicationTests]: using defaults.
15:22:04.355 [Test worker] INFO org.springframework.boot.test.context.SpringBootTestContextBootstrapper - Loaded default TestExecutionListener class names from location [META-INF/spring.factories]: [org.springframework.boot.test.autoconfigure.restdocs.RestDocsTestExecutionListener, org.springframework.boot.test.autoconfigure.web.client.MockRestServiceServerResetTestExecutionListener, org.springframework.boot.test.autoconfigure.web.servlet.MockMvcPrintOnlyOnFailureTestExecutionListener, org.springframework.boot.test.autoconfigure.web.servlet.WebDriverTestExecutionListener, org.springframework.boot.test.autoconfigure.webservices.client.MockWebServiceServerTestExecutionListener, org.springframework.boot.test.mock.mockito.MockitoTestExecutionListener, org.springframework.boot.test.mock.mockito.ResetMocksTestExecutionListener, org.springframework.test.context.web.ServletTestExecutionListener, org.springframework.test.context.support.DirtiesContextBeforeModesTestExecutionListener, org.springframework.test.context.event.ApplicationEventsTestExecutionListener, org.springframework.test.context.support.DependencyInjectionTestExecutionListener, org.springframework.test.context.support.DirtiesContextTestExecutionListener, org.springframework.test.context.transaction.TransactionalTestExecutionListener, org.springframework.test.context.jdbc.SqlScriptsTestExecutionListener, org.springframework.test.context.event.EventPublishingTestExecutionListener]
15:22:04.359 [Test worker] DEBUG org.springframework.boot.test.context.SpringBootTestContextBootstrapper - Skipping candidate TestExecutionListener [org.springframework.test.context.web.ServletTestExecutionListener] due to a missing dependency. Specify custom listener classes or make the default listener classes and their required dependencies available. Offending class: [javax/servlet/ServletContext]
15:22:04.360 [Test worker] DEBUG org.springframework.boot.test.context.SpringBootTestContextBootstrapper - Skipping candidate TestExecutionListener [org.springframework.test.context.transaction.TransactionalTestExecutionListener] due to a missing dependency. Specify custom listener classes or make the default listener classes and their required dependencies available. Offending class: [org/springframework/transaction/interceptor/TransactionAttributeSource]
15:22:04.361 [Test worker] DEBUG org.springframework.boot.test.context.SpringBootTestContextBootstrapper - Skipping candidate TestExecutionListener [org.springframework.test.context.jdbc.SqlScriptsTestExecutionListener] due to a missing dependency. Specify custom listener classes or make the default listener classes and their required dependencies available. Offending class: [org/springframework/transaction/interceptor/TransactionAttribute]
15:22:04.361 [Test worker] INFO org.springframework.boot.test.context.SpringBootTestContextBootstrapper - Using TestExecutionListeners: [org.springframework.test.context.support.DirtiesContextBeforeModesTestExecutionListener@648da510, org.springframework.test.context.event.ApplicationEventsTestExecutionListener@439ff080, org.springframework.boot.test.mock.mockito.MockitoTestExecutionListener@389ff901, org.springframework.boot.test.autoconfigure.SpringBootDependencyInjectionTestExecutionListener@6beaf00f, org.springframework.test.context.support.DirtiesContextTestExecutionListener@62467d47, org.springframework.test.context.event.EventPublishingTestExecutionListener@5e619a7f, org.springframework.boot.test.autoconfigure.restdocs.RestDocsTestExecutionListener@19f13743, org.springframework.boot.test.autoconfigure.web.client.MockRestServiceServerResetTestExecutionListener@25a7c6fa, org.springframework.boot.test.autoconfigure.web.servlet.MockMvcPrintOnlyOnFailureTestExecutionListener@745a3b4c, org.springframework.boot.test.autoconfigure.web.servlet.WebDriverTestExecutionListener@26baf5da, org.springframework.boot.test.autoconfigure.webservices.client.MockWebServiceServerTestExecutionListener@36e18561, org.springframework.boot.test.mock.mockito.ResetMocksTestExecutionListener@2dea1551]
15:22:04.364 [Test worker] DEBUG org.springframework.test.context.support.AbstractDirtiesContextTestExecutionListener - Before test class: context [DefaultTestContext@6ef34aa5 testClass = InspectionApplicationTests, testInstance = [null], testMethod = [null], testException = [null], mergedContextConfiguration = [ReactiveWebMergedContextConfiguration@63670a59 testClass = InspectionApplicationTests, locations = '{}', classes = '{class br.com.taesa.api.inspection.InspectionApplication}', contextInitializerClasses = '[]', activeProfiles = '{}', propertySourceLocations = '{}', propertySourceProperties = '{org.springframework.boot.test.context.SpringBootTestContextBootstrapper=true}', contextCustomizers = set[org.springframework.boot.test.autoconfigure.actuate.metrics.MetricsExportContextCustomizerFactory$DisableMetricExportContextCustomizer@7f0ee2e9, org.springframework.boot.test.autoconfigure.properties.PropertyMappingContextCustomizer@0, org.springframework.boot.test.autoconfigure.web.servlet.WebDriverContextCustomizerFactory$Customizer@405bddf4, org.springframework.boot.test.context.filter.ExcludeFilterContextCustomizer@3bc02cf4, org.springframework.boot.test.json.DuplicateJsonObjectContextCustomizerFactory$DuplicateJsonObjectContextCustomizer@28499dd6, org.springframework.boot.test.mock.mockito.MockitoContextCustomizer@0, org.springframework.boot.test.web.client.TestRestTemplateContextCustomizer@11685e08, org.springframework.boot.test.web.reactive.server.WebTestClientContextCustomizer@579cc7cb, org.springframework.boot.test.context.SpringBootTestArgs@1, org.springframework.boot.test.context.SpringBootTestWebEnvironment@17ec92b7], contextLoader = 'org.springframework.boot.test.context.SpringBootContextLoader', parent = [null]], attributes = map[[empty]]], class annotated with @DirtiesContext [false] with mode [null].
15:22:04.368 [Test worker] DEBUG org.springframework.test.context.support.DependencyInjectionTestExecutionListener - Performing dependency injection for test context [[DefaultTestContext@6ef34aa5 testClass = InspectionApplicationTests, testInstance = br.com.taesa.api.inspection.InspectionApplicationTests@78970332, testMethod = [null], testException = [null], mergedContextConfiguration = [ReactiveWebMergedContextConfiguration@63670a59 testClass = InspectionApplicationTests, locations = '{}', classes = '{class br.com.taesa.api.inspection.InspectionApplication}', contextInitializerClasses = '[]', activeProfiles = '{}', propertySourceLocations = '{}', propertySourceProperties = '{org.springframework.boot.test.context.SpringBootTestContextBootstrapper=true}', contextCustomizers = set[org.springframework.boot.test.autoconfigure.actuate.metrics.MetricsExportContextCustomizerFactory$DisableMetricExportContextCustomizer@7f0ee2e9, org.springframework.boot.test.autoconfigure.properties.PropertyMappingContextCustomizer@0, org.springframework.boot.test.autoconfigure.web.servlet.WebDriverContextCustomizerFactory$Customizer@405bddf4, org.springframework.boot.test.context.filter.ExcludeFilterContextCustomizer@3bc02cf4, org.springframework.boot.test.json.DuplicateJsonObjectContextCustomizerFactory$DuplicateJsonObjectContextCustomizer@28499dd6, org.springframework.boot.test.mock.mockito.MockitoContextCustomizer@0, org.springframework.boot.test.web.client.TestRestTemplateContextCustomizer@11685e08, org.springframework.boot.test.web.reactive.server.WebTestClientContextCustomizer@579cc7cb, org.springframework.boot.test.context.SpringBootTestArgs@1, org.springframework.boot.test.context.SpringBootTestWebEnvironment@17ec92b7], contextLoader = 'org.springframework.boot.test.context.SpringBootContextLoader', parent = [null]], attributes = map['org.springframework.test.context.event.ApplicationEventsTestExecutionListener.recordApplicationEvents' -> false]]].
15:22:04.382 [Test worker] DEBUG org.springframework.test.context.support.TestPropertySourceUtils - Adding inlined properties to environment: {spring.jmx.enabled=false, org.springframework.boot.test.context.SpringBootTestContextBootstrapper=true}

  .   ____          _            __ _ _
 /\\ / ___'_ __ _ _(_)_ __  __ _ \ \ \ \
( ( )\___ | '_ | '_| | '_ \/ _` | \ \ \ \
 \\/  ___)| |_)| | | | | || (_| |  ) ) ) )
  '  |____| .__|_| |_|_| |_\__, | / / / /
 =========|_|==============|___/=/_/_/_/
 :: Spring Boot ::                (v2.5.2)

2021-07-28 15:22:04.559  INFO 10377 --- [    Test worker] b.c.t.a.i.InspectionApplicationTests     : Starting InspectionApplicationTests using Java 16.0.1 on CPQTESTE with PID 10377 (started by atreib in /home/atreib/Documents/projects/kotlin-spring-hexagonal)
2021-07-28 15:22:04.562  INFO 10377 --- [    Test worker] b.c.t.a.i.InspectionApplicationTests     : No active profile set, falling back to default profiles: default
2021-07-28 15:22:06.040  INFO 10377 --- [    Test worker] b.c.t.a.i.InspectionApplicationTests     : Started InspectionApplicationTests in 1.652 seconds (JVM running for 2.736)
]]></system-out>
  <system-err><![CDATA[]]></system-err>
</testsuite>
